<?xml version="1.0" encoding="UTF-8"?>
<testsuite name="com.epam.javacourses2016.task1.Task1Test" tests="2" skipped="0" failures="0" errors="0" timestamp="2016-11-28T17:29:38" hostname="DESKTOP-9HQQJ1D" time="0.191">
  <properties/>
  <testcase name="testTask1[0]([Ljava.lang.String;@5dec8077)" classname="com.epam.javacourses2016.task1.Task1Test" time="0.187"/>
  <testcase name="testTask1[1]([Ljava.lang.String;@2ff373ab)" classname="com.epam.javacourses2016.task1.Task1Test" time="0.004"/>
  <system-out><![CDATA[]]></system-out>
  <system-err><![CDATA[]]></system-err>
</testsuite>
