<?xml version="1.0" encoding="UTF-8"?>
<testsuite name="com.epam.javacourses2016.task12.SolverTask12Test" tests="4" skipped="0" failures="0" errors="0" timestamp="2016-11-29T12:00:16" hostname="DESKTOP-9HQQJ1D" time="0.004">
  <properties/>
  <testcase name="testTransform[0]([I@2b92177d, 5)" classname="com.epam.javacourses2016.task12.SolverTask12Test" time="0.003"/>
  <testcase name="testTransform[1]([I@53684db1, 5)" classname="com.epam.javacourses2016.task12.SolverTask12Test" time="0.0"/>
  <testcase name="testTransform[2]([I@1974bb53, 5)" classname="com.epam.javacourses2016.task12.SolverTask12Test" time="0.0"/>
  <testcase name="testTransform[3]([I@589ff85, 5)" classname="com.epam.javacourses2016.task12.SolverTask12Test" time="0.001"/>
  <system-out><![CDATA[]]></system-out>
  <system-err><![CDATA[]]></system-err>
</testsuite>
