<?xml version="1.0" encoding="UTF-8"?>
<testsuite name="com.epam.javacourses2016.task2.Task2Test" tests="2" skipped="0" failures="1" errors="0" timestamp="2016-11-29T12:00:16" hostname="DESKTOP-9HQQJ1D" time="0.011">
  <properties/>
  <testcase name="testTask2[0](src/main/java/com/epam/javacourses2016/task1)" classname="com.epam.javacourses2016.task2.Task2Test" time="0.002"/>
  <testcase name="testTask2[1](src/main/java/com/epam/javacourses2016)" classname="com.epam.javacourses2016.task2.Task2Test" time="0.009">
    <failure message="java.lang.AssertionError: Sets differ: expected [src\main\java\com\epam\javacourses2016\task6\SolverTask6.java, src\main\java\com\epam\javacourses2016\task7, src\main\java\com\epam\javacourses2016\task1\SolverTask1.java, src\main\java\com\epam\javacourses2016\task8, src\main\java\com\epam\javacourses2016\task8\SolverTask8.java, src\main\java\com\epam\javacourses2016\task9, src\main\java\com\epam\javacourses2016\task3, src\main\java\com\epam\javacourses2016\task4, src\main\java\com\epam\javacourses2016\task7\SolverTask7.java, src\main\java\com\epam\javacourses2016\task5, src\main\java\com\epam\javacourses2016\task6, src\main\java\com\epam\javacourses2016\task1, src\main\java\com\epam\javacourses2016\task2, src\main\java\com\epam\javacourses2016\Car.java, src\main\java\com\epam\javacourses2016\task5\SolverTask5.java, src\main\java\com\epam\javacourses2016\task12\SolverTask12.java, src\main\java\com\epam\javacourses2016\task2\SolverTask2.java, src\main\java\com\epam\javacourses2016\task11\SolverTask11.java, src\main\java\com\epam\javacourses2016\task10\SolverTask10.java, src\main\java\com\epam\javacourses2016\task18\SolverTask18.java, src\main\java\com\epam\javacourses2016\task19\SolverTask19.java, src\main\java\com\epam\javacourses2016\task17\SolverTask17.java, src\main\java\com\epam\javacourses2016\task16\SolverTask16.java, src\main\java\com\epam\javacourses2016\task15\SolverTask15.java, src\main\java\com\epam\javacourses2016\task3\SolverTask3.java, src\main\java\com\epam\javacourses2016\task4\SolverTask4.java, src\main\java\com\epam\javacourses2016\task13, src\main\java\com\epam\javacourses2016\task12, src\main\java\com\epam\javacourses2016\task13\AbstractGraphCreator.java, src\main\java\com\epam\javacourses2016\task15, src\main\java\com\epam\javacourses2016\task14, src\main\java\com\epam\javacourses2016\task11, src\main\java\com\epam\javacourses2016\task10, src\main\java\com\epam\javacourses2016\task14\AbstractCollectionCreator.java, src\main\java\com\epam\javacourses2016\task3\Poem.java, src\main\java\com\epam\javacourses2016\task17, src\main\java\com\epam\javacourses2016\task16, src\main\java\com\epam\javacourses2016\task19, src\main\java\com\epam\javacourses2016\Point2D.java, src\main\java\com\epam\javacourses2016\task18, src\main\java\com\epam\javacourses2016\task9\SolverTask9.java, src\main\java\com\epam\javacourses2016\Segment.java, src\main\java\com\epam\javacourses2016\task5\Measurement.java] but got [src\main\java\com\epam\javacourses2016\task13\AbstractGraphCreator.java, src\main\java\com\epam\javacourses2016\task14\AbstractCollectionCreator.java, src\main\java\com\epam\javacourses2016\task6\SolverTask6.java, src\main\java\com\epam\javacourses2016\task1\SolverTask1.java, src\main\java\com\epam\javacourses2016\task8\SolverTask8.java, src\main\java\com\epam\javacourses2016\task3\Poem.java, src\main\java\com\epam\javacourses2016\task7\SolverTask7.java, src\main\java\com\epam\javacourses2016\Point2D.java, src\main\java\com\epam\javacourses2016\task9\SolverTask9.java, src\main\java\com\epam\javacourses2016\Car.java, src\main\java\com\epam\javacourses2016\task5\SolverTask5.java, src\main\java\com\epam\javacourses2016\task12\SolverTask12.java, src\main\java\com\epam\javacourses2016\task2\SolverTask2.java, src\main\java\com\epam\javacourses2016\task11\SolverTask11.java, src\main\java\com\epam\javacourses2016\task10\SolverTask10.java, src\main\java\com\epam\javacourses2016\task18\SolverTask18.java, src\main\java\com\epam\javacourses2016\task19\SolverTask19.java, src\main\java\com\epam\javacourses2016\Segment.java, src\main\java\com\epam\javacourses2016\task17\SolverTask17.java, src\main\java\com\epam\javacourses2016\task16\SolverTask16.java, src\main\java\com\epam\javacourses2016\task15\SolverTask15.java, src\main\java\com\epam\javacourses2016\task5\Measurement.java, src\main\java\com\epam\javacourses2016\task3\SolverTask3.java, src\main\java\com\epam\javacourses2016\task4\SolverTask4.java]" type="java.lang.AssertionError">java.lang.AssertionError: Sets differ: expected [src\main\java\com\epam\javacourses2016\task6\SolverTask6.java, src\main\java\com\epam\javacourses2016\task7, src\main\java\com\epam\javacourses2016\task1\SolverTask1.java, src\main\java\com\epam\javacourses2016\task8, src\main\java\com\epam\javacourses2016\task8\SolverTask8.java, src\main\java\com\epam\javacourses2016\task9, src\main\java\com\epam\javacourses2016\task3, src\main\java\com\epam\javacourses2016\task4, src\main\java\com\epam\javacourses2016\task7\SolverTask7.java, src\main\java\com\epam\javacourses2016\task5, src\main\java\com\epam\javacourses2016\task6, src\main\java\com\epam\javacourses2016\task1, src\main\java\com\epam\javacourses2016\task2, src\main\java\com\epam\javacourses2016\Car.java, src\main\java\com\epam\javacourses2016\task5\SolverTask5.java, src\main\java\com\epam\javacourses2016\task12\SolverTask12.java, src\main\java\com\epam\javacourses2016\task2\SolverTask2.java, src\main\java\com\epam\javacourses2016\task11\SolverTask11.java, src\main\java\com\epam\javacourses2016\task10\SolverTask10.java, src\main\java\com\epam\javacourses2016\task18\SolverTask18.java, src\main\java\com\epam\javacourses2016\task19\SolverTask19.java, src\main\java\com\epam\javacourses2016\task17\SolverTask17.java, src\main\java\com\epam\javacourses2016\task16\SolverTask16.java, src\main\java\com\epam\javacourses2016\task15\SolverTask15.java, src\main\java\com\epam\javacourses2016\task3\SolverTask3.java, src\main\java\com\epam\javacourses2016\task4\SolverTask4.java, src\main\java\com\epam\javacourses2016\task13, src\main\java\com\epam\javacourses2016\task12, src\main\java\com\epam\javacourses2016\task13\AbstractGraphCreator.java, src\main\java\com\epam\javacourses2016\task15, src\main\java\com\epam\javacourses2016\task14, src\main\java\com\epam\javacourses2016\task11, src\main\java\com\epam\javacourses2016\task10, src\main\java\com\epam\javacourses2016\task14\AbstractCollectionCreator.java, src\main\java\com\epam\javacourses2016\task3\Poem.java, src\main\java\com\epam\javacourses2016\task17, src\main\java\com\epam\javacourses2016\task16, src\main\java\com\epam\javacourses2016\task19, src\main\java\com\epam\javacourses2016\Point2D.java, src\main\java\com\epam\javacourses2016\task18, src\main\java\com\epam\javacourses2016\task9\SolverTask9.java, src\main\java\com\epam\javacourses2016\Segment.java, src\main\java\com\epam\javacourses2016\task5\Measurement.java] but got [src\main\java\com\epam\javacourses2016\task13\AbstractGraphCreator.java, src\main\java\com\epam\javacourses2016\task14\AbstractCollectionCreator.java, src\main\java\com\epam\javacourses2016\task6\SolverTask6.java, src\main\java\com\epam\javacourses2016\task1\SolverTask1.java, src\main\java\com\epam\javacourses2016\task8\SolverTask8.java, src\main\java\com\epam\javacourses2016\task3\Poem.java, src\main\java\com\epam\javacourses2016\task7\SolverTask7.java, src\main\java\com\epam\javacourses2016\Point2D.java, src\main\java\com\epam\javacourses2016\task9\SolverTask9.java, src\main\java\com\epam\javacourses2016\Car.java, src\main\java\com\epam\javacourses2016\task5\SolverTask5.java, src\main\java\com\epam\javacourses2016\task12\SolverTask12.java, src\main\java\com\epam\javacourses2016\task2\SolverTask2.java, src\main\java\com\epam\javacourses2016\task11\SolverTask11.java, src\main\java\com\epam\javacourses2016\task10\SolverTask10.java, src\main\java\com\epam\javacourses2016\task18\SolverTask18.java, src\main\java\com\epam\javacourses2016\task19\SolverTask19.java, src\main\java\com\epam\javacourses2016\Segment.java, src\main\java\com\epam\javacourses2016\task17\SolverTask17.java, src\main\java\com\epam\javacourses2016\task16\SolverTask16.java, src\main\java\com\epam\javacourses2016\task15\SolverTask15.java, src\main\java\com\epam\javacourses2016\task5\Measurement.java, src\main\java\com\epam\javacourses2016\task3\SolverTask3.java, src\main\java\com\epam\javacourses2016\task4\SolverTask4.java]
	at org.testng.Assert.fail(Assert.java:94)
	at org.testng.Assert.assertEquals(Assert.java:808)
	at org.testng.Assert.assertEquals(Assert.java:786)
	at com.epam.javacourses2016.task2.Task2Test.testTask2(Task2Test.java:21)
	at sun.reflect.NativeMethodAccessorImpl.invoke0(Native Method)
	at sun.reflect.NativeMethodAccessorImpl.invoke(NativeMethodAccessorImpl.java:62)
	at sun.reflect.DelegatingMethodAccessorImpl.invoke(DelegatingMethodAccessorImpl.java:43)
	at java.lang.reflect.Method.invoke(Method.java:498)
	at org.testng.internal.MethodInvocationHelper.invokeMethod(MethodInvocationHelper.java:85)
	at org.testng.internal.Invoker.invokeMethod(Invoker.java:639)
	at org.testng.internal.Invoker.invokeTestMethod(Invoker.java:816)
	at org.testng.internal.Invoker.invokeTestMethods(Invoker.java:1124)
	at org.testng.internal.TestMethodWorker.invokeTestMethods(TestMethodWorker.java:125)
	at org.testng.internal.TestMethodWorker.run(TestMethodWorker.java:108)
	at org.testng.TestRunner.privateRun(TestRunner.java:774)
	at org.testng.TestRunner.run(TestRunner.java:624)
	at org.testng.SuiteRunner.runTest(SuiteRunner.java:359)
	at org.testng.SuiteRunner.runSequentially(SuiteRunner.java:354)
	at org.testng.SuiteRunner.privateRun(SuiteRunner.java:312)
	at org.testng.SuiteRunner.run(SuiteRunner.java:261)
	at org.testng.SuiteRunnerWorker.runSuite(SuiteRunnerWorker.java:52)
	at org.testng.SuiteRunnerWorker.run(SuiteRunnerWorker.java:86)
	at org.testng.TestNG.runSuitesSequentially(TestNG.java:1215)
	at org.testng.TestNG.runSuitesLocally(TestNG.java:1140)
	at org.testng.TestNG.run(TestNG.java:1048)
	at org.gradle.api.internal.tasks.testing.testng.TestNGTestClassProcessor.runTests(TestNGTestClassProcessor.java:133)
	at org.gradle.api.internal.tasks.testing.testng.TestNGTestClassProcessor.stop(TestNGTestClassProcessor.java:83)
	at org.gradle.api.internal.tasks.testing.SuiteTestClassProcessor.stop(SuiteTestClassProcessor.java:61)
	at sun.reflect.NativeMethodAccessorImpl.invoke0(Native Method)
	at sun.reflect.NativeMethodAccessorImpl.invoke(NativeMethodAccessorImpl.java:62)
	at sun.reflect.DelegatingMethodAccessorImpl.invoke(DelegatingMethodAccessorImpl.java:43)
	at java.lang.reflect.Method.invoke(Method.java:498)
	at org.gradle.messaging.dispatch.ReflectionDispatch.dispatch(ReflectionDispatch.java:35)
	at org.gradle.messaging.dispatch.ReflectionDispatch.dispatch(ReflectionDispatch.java:24)
	at org.gradle.messaging.dispatch.ContextClassLoaderDispatch.dispatch(ContextClassLoaderDispatch.java:32)
	at org.gradle.messaging.dispatch.ProxyDispatchAdapter$DispatchingInvocationHandler.invoke(ProxyDispatchAdapter.java:93)
	at com.sun.proxy.$Proxy2.stop(Unknown Source)
	at org.gradle.api.internal.tasks.testing.worker.TestWorker.stop(TestWorker.java:120)
	at sun.reflect.NativeMethodAccessorImpl.invoke0(Native Method)
	at sun.reflect.NativeMethodAccessorImpl.invoke(NativeMethodAccessorImpl.java:62)
	at sun.reflect.DelegatingMethodAccessorImpl.invoke(DelegatingMethodAccessorImpl.java:43)
	at java.lang.reflect.Method.invoke(Method.java:498)
	at org.gradle.messaging.dispatch.ReflectionDispatch.dispatch(ReflectionDispatch.java:35)
	at org.gradle.messaging.dispatch.ReflectionDispatch.dispatch(ReflectionDispatch.java:24)
	at org.gradle.messaging.remote.internal.hub.MessageHub$Handler.run(MessageHub.java:364)
	at org.gradle.internal.concurrent.ExecutorPolicy$CatchAndRecordFailures.onExecute(ExecutorPolicy.java:54)
	at org.gradle.internal.concurrent.StoppableExecutorImpl$1.run(StoppableExecutorImpl.java:40)
	at java.util.concurrent.ThreadPoolExecutor.runWorker(ThreadPoolExecutor.java:1142)
	at java.util.concurrent.ThreadPoolExecutor$Worker.run(ThreadPoolExecutor.java:617)
	at java.lang.Thread.run(Thread.java:745)
</failure>
  </testcase>
  <system-out><![CDATA[]]></system-out>
  <system-err><![CDATA[]]></system-err>
</testsuite>
