<?xml version="1.0" encoding="UTF-8"?>
<testsuite name="com.epam.javacourses2016.task1.Task1Test" tests="2" skipped="0" failures="0" errors="0" timestamp="2016-11-29T12:00:16" hostname="DESKTOP-9HQQJ1D" time="0.02">
  <properties/>
  <testcase name="testTask1[0]([Ljava.lang.String;@131c1034)" classname="com.epam.javacourses2016.task1.Task1Test" time="0.012"/>
  <testcase name="testTask1[1]([Ljava.lang.String;@6ba7b707)" classname="com.epam.javacourses2016.task1.Task1Test" time="0.008"/>
  <system-out><![CDATA[]]></system-out>
  <system-err><![CDATA[]]></system-err>
</testsuite>
